Vivado Simulator 2018.1
Copyright 1986-1999, 2001-2017 Xilinx, Inc. All Rights Reserved.
Running: C:/Xilinx/Vivado/2018.1/bin/unwrapped/win64.o/xelab.exe -wto 884a59b69a7547ab867332117324cfb1 --incr --debug typical --relax --mt 2 -L xil_defaultlib -L secureip --snapshot receive_TB_behav xil_defaultlib.receive_TB -log elaborate.log 
Using 2 slave threads.
Starting static elaboration
Completed static elaboration
Starting simulation data flow analysis
Completed simulation data flow analysis
Time Resolution for simulation is 1ps
Compiling package std.standard
Compiling package std.textio
Compiling package ieee.std_logic_1164
Compiling package ieee.std_logic_arith
Compiling package ieee.std_logic_unsigned
Compiling package synopsys.attributes
Compiling package ieee.std_logic_misc
Compiling package ieee.numeric_std
Compiling architecture behavioural of entity xil_defaultlib.receiver [receiver_default]
Compiling architecture behavioral of entity xil_defaultlib.modifier [modifier_default]
Compiling architecture behavioral of entity xil_defaultlib.transmitter [transmitter_default]
Compiling architecture behavioural of entity xil_defaultlib.receive_tb
Built simulation snapshot receive_TB_behav
